mode: atomic
github.com/floriscornel/piak/internal/analyzer/analyzer.go:15.38,19.2 1 6
github.com/floriscornel/piak/internal/analyzer/analyzer.go:33.69,34.66 1 6
github.com/floriscornel/piak/internal/analyzer/analyzer.go:34.66,36.3 1 0
github.com/floriscornel/piak/internal/analyzer/analyzer.go:38.2,40.57 2 6
github.com/floriscornel/piak/internal/analyzer/analyzer.go:40.57,41.29 1 42
github.com/floriscornel/piak/internal/analyzer/analyzer.go:41.29,42.12 1 0
github.com/floriscornel/piak/internal/analyzer/analyzer.go:45.3,55.27 3 42
github.com/floriscornel/piak/internal/analyzer/analyzer.go:55.27,58.4 2 0
github.com/floriscornel/piak/internal/analyzer/analyzer.go:60.3,60.23 1 42
github.com/floriscornel/piak/internal/analyzer/analyzer.go:63.2,63.21 1 6
github.com/floriscornel/piak/internal/analyzer/analyzer.go:67.53,70.24 2 0
github.com/floriscornel/piak/internal/analyzer/analyzer.go:70.24,74.3 3 0
github.com/floriscornel/piak/internal/analyzer/analyzer.go:76.2,76.66 1 0
github.com/floriscornel/piak/internal/analyzer/analyzer.go:76.66,78.3 1 0
github.com/floriscornel/piak/internal/analyzer/analyzer.go:80.2,80.25 1 0
github.com/floriscornel/piak/internal/analyzer/analyzer.go:80.25,82.3 1 0
github.com/floriscornel/piak/internal/analyzer/analyzer.go:84.2,84.13 1 0
github.com/floriscornel/piak/internal/config/config.go:55.26,59.2 3 0
github.com/floriscornel/piak/internal/config/config.go:62.65,63.49 1 0
github.com/floriscornel/piak/internal/config/config.go:63.49,65.3 1 0
github.com/floriscornel/piak/internal/config/config.go:67.2,68.44 2 0
github.com/floriscornel/piak/internal/config/config.go:68.44,70.3 1 0
github.com/floriscornel/piak/internal/config/config.go:72.2,72.47 1 0
github.com/floriscornel/piak/internal/config/config.go:72.47,74.3 1 0
github.com/floriscornel/piak/internal/config/config.go:76.2,76.18 1 0
github.com/floriscornel/piak/internal/config/config.go:80.81,82.16 2 0
github.com/floriscornel/piak/internal/config/config.go:82.16,84.3 1 0
github.com/floriscornel/piak/internal/config/config.go:86.2,90.68 3 0
github.com/floriscornel/piak/internal/config/config.go:90.68,92.3 1 0
github.com/floriscornel/piak/internal/config/config.go:94.2,94.81 1 0
github.com/floriscornel/piak/internal/config/config.go:94.81,96.3 1 0
github.com/floriscornel/piak/internal/config/config.go:98.2,98.24 1 0
github.com/floriscornel/piak/internal/config/config.go:142.64,143.32 1 0
github.com/floriscornel/piak/internal/config/config.go:143.32,145.3 1 0
github.com/floriscornel/piak/internal/config/config.go:146.2,146.12 1 0
github.com/floriscornel/piak/internal/config/config.go:150.54,151.22 1 0
github.com/floriscornel/piak/internal/config/config.go:151.22,152.63 1 0
github.com/floriscornel/piak/internal/config/config.go:152.63,154.4 1 0
github.com/floriscornel/piak/internal/config/config.go:155.8,156.53 1 0
github.com/floriscornel/piak/internal/config/config.go:156.53,158.4 1 0
github.com/floriscornel/piak/internal/config/config.go:162.2,169.43 4 0
github.com/floriscornel/piak/internal/config/config.go:169.43,171.48 2 0
github.com/floriscornel/piak/internal/config/config.go:171.48,173.4 1 0
github.com/floriscornel/piak/internal/config/config.go:177.2,177.12 1 0
github.com/floriscornel/piak/internal/config/config.go:181.67,183.33 1 0
github.com/floriscornel/piak/internal/config/config.go:183.33,185.17 2 0
github.com/floriscornel/piak/internal/config/config.go:185.17,187.4 1 0
github.com/floriscornel/piak/internal/config/config.go:188.3,188.19 1 0
github.com/floriscornel/piak/internal/config/config.go:190.2,191.12 2 0
github.com/floriscornel/piak/internal/config/config.go:195.50,203.2 4 0
github.com/floriscornel/piak/internal/config/config.go:207.52,211.21 2 0
github.com/floriscornel/piak/internal/config/config.go:211.21,213.3 1 0
github.com/floriscornel/piak/internal/config/config.go:213.8,213.61 1 0
github.com/floriscornel/piak/internal/config/config.go:213.61,215.3 1 0
github.com/floriscornel/piak/internal/config/config.go:218.2,218.22 1 0
github.com/floriscornel/piak/internal/config/config.go:218.22,220.3 1 0
github.com/floriscornel/piak/internal/config/config.go:223.2,223.25 1 0
github.com/floriscornel/piak/internal/config/config.go:223.25,225.3 1 0
github.com/floriscornel/piak/internal/config/config.go:225.8,225.48 1 0
github.com/floriscornel/piak/internal/config/config.go:225.48,227.3 1 0
github.com/floriscornel/piak/internal/config/config.go:236.2,236.19 1 0
github.com/floriscornel/piak/internal/config/config.go:236.19,238.3 1 0
github.com/floriscornel/piak/internal/config/config.go:240.2,240.12 1 0
github.com/floriscornel/piak/internal/config/config.go:245.68,261.2 1 0
github.com/floriscornel/piak/internal/config/config.go:265.34,299.2 4 0
github.com/floriscornel/piak/internal/config/config.go:313.49,314.21 1 0
github.com/floriscornel/piak/internal/config/config.go:314.21,316.3 1 0
github.com/floriscornel/piak/internal/config/config.go:319.2,320.29 2 0
github.com/floriscornel/piak/internal/config/config.go:320.29,322.17 2 0
github.com/floriscornel/piak/internal/config/config.go:322.17,324.4 1 0
github.com/floriscornel/piak/internal/config/config.go:326.3,326.69 1 0
github.com/floriscornel/piak/internal/config/config.go:326.69,328.4 1 0
github.com/floriscornel/piak/internal/config/config.go:331.2,331.13 1 0
github.com/floriscornel/piak/internal/config/config.go:335.28,337.2 1 0
github.com/floriscornel/piak/internal/config/config.go:340.45,342.2 1 0
github.com/floriscornel/piak/internal/config/config.go:346.65,360.2 1 0
github.com/floriscornel/piak/internal/generator/generator.go:23.68,25.16 2 6
github.com/floriscornel/piak/internal/generator/generator.go:25.16,27.3 1 0
github.com/floriscornel/piak/internal/generator/generator.go:29.2,33.8 1 6
github.com/floriscornel/piak/internal/generator/generator.go:37.38,40.16 2 6
github.com/floriscornel/piak/internal/generator/generator.go:40.16,42.3 1 0
github.com/floriscornel/piak/internal/generator/generator.go:45.2,47.16 3 6
github.com/floriscornel/piak/internal/generator/generator.go:47.16,49.3 1 0
github.com/floriscornel/piak/internal/generator/generator.go:52.2,53.36 2 6
github.com/floriscornel/piak/internal/generator/generator.go:53.36,64.3 2 42
github.com/floriscornel/piak/internal/generator/generator.go:67.2,78.72 2 6
github.com/floriscornel/piak/internal/generator/generator.go:78.72,80.3 1 0
github.com/floriscornel/piak/internal/generator/generator.go:82.2,82.12 1 6
github.com/floriscornel/piak/internal/generator/generator.go:86.103,91.36 3 42
github.com/floriscornel/piak/internal/generator/generator.go:91.36,93.3 1 24
github.com/floriscornel/piak/internal/generator/generator.go:95.2,95.38 1 42
github.com/floriscornel/piak/internal/generator/generator.go:95.38,96.27 1 174
github.com/floriscornel/piak/internal/generator/generator.go:96.27,101.25 3 174
github.com/floriscornel/piak/internal/generator/generator.go:101.25,104.23 2 6
github.com/floriscornel/piak/internal/generator/generator.go:104.23,106.6 1 6
github.com/floriscornel/piak/internal/generator/generator.go:106.11,108.6 1 0
github.com/floriscornel/piak/internal/generator/generator.go:109.10,111.5 1 168
github.com/floriscornel/piak/internal/generator/generator.go:113.4,120.61 2 174
github.com/floriscornel/piak/internal/generator/generator.go:120.61,124.5 3 12
github.com/floriscornel/piak/internal/generator/generator.go:126.4,133.41 2 174
github.com/floriscornel/piak/internal/generator/generator.go:137.2,137.19 1 42
github.com/floriscornel/piak/internal/generator/generator.go:141.58,142.35 1 174
github.com/floriscornel/piak/internal/generator/generator.go:142.35,144.3 1 0
github.com/floriscornel/piak/internal/generator/generator.go:146.2,147.20 2 174
github.com/floriscornel/piak/internal/generator/generator.go:148.16,149.18 1 102
github.com/floriscornel/piak/internal/generator/generator.go:150.17,151.15 1 54
github.com/floriscornel/piak/internal/generator/generator.go:152.16,153.17 1 0
github.com/floriscornel/piak/internal/generator/generator.go:154.17,155.16 1 6
github.com/floriscornel/piak/internal/generator/generator.go:156.17,157.17 1 12
github.com/floriscornel/piak/internal/generator/generator.go:158.16,159.17 1 0
github.com/floriscornel/piak/internal/generator/generator.go:160.10,161.17 1 0
github.com/floriscornel/piak/internal/generator/generator.go:166.64,167.21 1 12
github.com/floriscornel/piak/internal/generator/generator.go:167.21,169.3 1 0
github.com/floriscornel/piak/internal/generator/generator.go:171.2,171.24 1 12
github.com/floriscornel/piak/internal/generator/generator.go:171.24,174.21 2 6
github.com/floriscornel/piak/internal/generator/generator.go:174.21,176.4 1 6
github.com/floriscornel/piak/internal/generator/generator.go:177.3,177.17 1 0
github.com/floriscornel/piak/internal/generator/generator.go:180.2,180.27 1 6
github.com/floriscornel/piak/internal/generator/generator.go:180.27,182.3 1 6
github.com/floriscornel/piak/internal/generator/generator.go:184.2,184.16 1 0
github.com/floriscornel/piak/internal/generator/php.go:21.74,23.16 2 6
github.com/floriscornel/piak/internal/generator/php.go:23.16,25.3 1 0
github.com/floriscornel/piak/internal/generator/php.go:27.2,30.8 1 6
github.com/floriscornel/piak/internal/generator/php.go:34.77,36.53 1 6
github.com/floriscornel/piak/internal/generator/php.go:36.53,38.3 1 0
github.com/floriscornel/piak/internal/generator/php.go:41.2,41.44 1 6
github.com/floriscornel/piak/internal/generator/php.go:41.44,43.3 1 0
github.com/floriscornel/piak/internal/generator/php.go:46.2,46.54 1 6
github.com/floriscornel/piak/internal/generator/php.go:46.54,48.3 1 0
github.com/floriscornel/piak/internal/generator/php.go:51.2,51.42 1 6
github.com/floriscornel/piak/internal/generator/php.go:51.42,52.61 1 42
github.com/floriscornel/piak/internal/generator/php.go:52.61,54.4 1 0
github.com/floriscornel/piak/internal/generator/php.go:58.2,58.29 1 6
github.com/floriscornel/piak/internal/generator/php.go:58.29,59.61 1 6
github.com/floriscornel/piak/internal/generator/php.go:59.61,61.4 1 0
github.com/floriscornel/piak/internal/generator/php.go:65.2,65.28 1 6
github.com/floriscornel/piak/internal/generator/php.go:65.28,66.56 1 6
github.com/floriscornel/piak/internal/generator/php.go:66.56,68.4 1 0
github.com/floriscornel/piak/internal/generator/php.go:72.2,72.48 1 6
github.com/floriscornel/piak/internal/generator/php.go:72.48,74.3 1 0
github.com/floriscornel/piak/internal/generator/php.go:76.2,76.12 1 6
github.com/floriscornel/piak/internal/generator/php.go:80.57,87.27 2 6
github.com/floriscornel/piak/internal/generator/php.go:87.27,88.48 1 18
github.com/floriscornel/piak/internal/generator/php.go:88.48,90.4 1 0
github.com/floriscornel/piak/internal/generator/php.go:93.2,93.12 1 6
github.com/floriscornel/piak/internal/generator/php.go:97.48,100.16 2 6
github.com/floriscornel/piak/internal/generator/php.go:100.16,102.3 1 0
github.com/floriscornel/piak/internal/generator/php.go:105.2,109.65 3 6
github.com/floriscornel/piak/internal/generator/php.go:109.65,111.3 1 0
github.com/floriscornel/piak/internal/generator/php.go:113.2,113.12 1 6
github.com/floriscornel/piak/internal/generator/php.go:117.80,123.23 5 6
github.com/floriscornel/piak/internal/generator/php.go:123.23,125.3 1 0
github.com/floriscornel/piak/internal/generator/php.go:128.2,131.29 4 6
github.com/floriscornel/piak/internal/generator/php.go:131.29,133.3 1 0
github.com/floriscornel/piak/internal/generator/php.go:133.8,135.3 1 6
github.com/floriscornel/piak/internal/generator/php.go:138.2,169.62 4 6
github.com/floriscornel/piak/internal/generator/php.go:173.85,176.16 2 42
github.com/floriscornel/piak/internal/generator/php.go:176.16,178.3 1 0
github.com/floriscornel/piak/internal/generator/php.go:181.2,184.80 3 42
github.com/floriscornel/piak/internal/generator/php.go:184.80,186.3 1 0
github.com/floriscornel/piak/internal/generator/php.go:188.2,188.12 1 42
github.com/floriscornel/piak/internal/generator/php.go:192.74,194.16 2 6
github.com/floriscornel/piak/internal/generator/php.go:194.16,196.3 1 0
github.com/floriscornel/piak/internal/generator/php.go:198.2,201.80 3 6
github.com/floriscornel/piak/internal/generator/php.go:201.80,203.3 1 0
github.com/floriscornel/piak/internal/generator/php.go:205.2,205.12 1 6
github.com/floriscornel/piak/internal/generator/php.go:209.73,211.42 1 6
github.com/floriscornel/piak/internal/generator/php.go:211.42,212.59 1 42
github.com/floriscornel/piak/internal/generator/php.go:212.59,214.4 1 0
github.com/floriscornel/piak/internal/generator/php.go:218.2,218.29 1 6
github.com/floriscornel/piak/internal/generator/php.go:218.29,219.56 1 6
github.com/floriscornel/piak/internal/generator/php.go:219.56,221.4 1 0
github.com/floriscornel/piak/internal/generator/php.go:225.2,225.50 1 6
github.com/floriscornel/piak/internal/generator/php.go:225.50,227.3 1 0
github.com/floriscornel/piak/internal/generator/php.go:229.2,229.12 1 6
github.com/floriscornel/piak/internal/generator/php.go:233.89,239.2 4 42
github.com/floriscornel/piak/internal/generator/php.go:242.81,248.2 4 6
github.com/floriscornel/piak/internal/generator/php.go:251.54,271.2 3 6
github.com/floriscornel/piak/internal/generator/php.go:273.107,286.16 4 42
github.com/floriscornel/piak/internal/generator/php.go:286.16,288.3 1 0
github.com/floriscornel/piak/internal/generator/php.go:290.2,290.30 1 42
github.com/floriscornel/piak/internal/generator/php.go:293.91,306.16 4 6
github.com/floriscornel/piak/internal/generator/php.go:306.16,308.3 1 0
github.com/floriscornel/piak/internal/generator/php.go:310.2,310.30 1 6
github.com/floriscornel/piak/internal/generator/php.go:388.97,494.2 4 42
github.com/floriscornel/piak/internal/generator/php.go:497.89,650.2 4 6
github.com/floriscornel/piak/internal/generator/php.go:653.76,656.41 2 126
github.com/floriscornel/piak/internal/generator/php.go:656.41,659.3 2 522
github.com/floriscornel/piak/internal/generator/php.go:661.2,661.85 1 126
github.com/floriscornel/piak/internal/generator/php.go:665.80,666.27 1 750
github.com/floriscornel/piak/internal/generator/php.go:667.16,668.62 1 415
github.com/floriscornel/piak/internal/generator/php.go:669.13,670.15 1 233
github.com/floriscornel/piak/internal/generator/php.go:671.15,672.18 1 0
github.com/floriscornel/piak/internal/generator/php.go:673.14,674.16 1 24
github.com/floriscornel/piak/internal/generator/php.go:675.15,676.14 1 54
github.com/floriscornel/piak/internal/generator/php.go:677.10,678.20 1 24
github.com/floriscornel/piak/internal/generator/php.go:678.20,680.4 1 0
github.com/floriscornel/piak/internal/generator/php.go:681.3,681.16 1 24
github.com/floriscornel/piak/internal/generator/php.go:686.96,690.41 3 42
github.com/floriscornel/piak/internal/generator/php.go:690.41,694.3 2 174
github.com/floriscornel/piak/internal/generator/php.go:696.2,696.47 1 42
github.com/floriscornel/piak/internal/generator/php.go:700.91,703.41 2 42
github.com/floriscornel/piak/internal/generator/php.go:703.41,706.3 1 174
github.com/floriscornel/piak/internal/generator/php.go:708.2,708.47 1 42
github.com/floriscornel/piak/internal/generator/php.go:712.83,716.41 2 42
github.com/floriscornel/piak/internal/generator/php.go:716.41,717.20 1 174
github.com/floriscornel/piak/internal/generator/php.go:717.20,720.4 2 24
github.com/floriscornel/piak/internal/generator/php.go:724.2,724.56 1 42
github.com/floriscornel/piak/internal/generator/php.go:724.56,728.3 3 30
github.com/floriscornel/piak/internal/generator/php.go:730.2,730.85 1 42
github.com/floriscornel/piak/internal/generator/php.go:734.74,741.2 3 6
github.com/floriscornel/piak/internal/generator/php.go:744.103,816.2 60 6
github.com/floriscornel/piak/internal/generator/php.go:819.48,824.2 3 6
github.com/floriscornel/piak/internal/generator/php.go:827.58,828.30 1 6
github.com/floriscornel/piak/internal/generator/php.go:828.30,830.3 1 0
github.com/floriscornel/piak/internal/generator/php.go:832.2,840.16 8 6
github.com/floriscornel/piak/internal/generator/php.go:844.81,847.29 2 6
github.com/floriscornel/piak/internal/generator/php.go:847.29,849.3 1 6
github.com/floriscornel/piak/internal/generator/php.go:851.2,851.16 1 6
github.com/floriscornel/piak/internal/parser/openapi.go:18.57,23.2 1 6
github.com/floriscornel/piak/internal/parser/openapi.go:26.73,28.53 1 6
github.com/floriscornel/piak/internal/parser/openapi.go:28.53,30.3 1 0
github.com/floriscornel/piak/internal/parser/openapi.go:33.2,35.16 3 6
github.com/floriscornel/piak/internal/parser/openapi.go:35.16,37.3 1 0
github.com/floriscornel/piak/internal/parser/openapi.go:40.2,40.20 1 6
github.com/floriscornel/piak/internal/parser/openapi.go:40.20,42.64 2 6
github.com/floriscornel/piak/internal/parser/openapi.go:42.64,44.4 1 0
github.com/floriscornel/piak/internal/parser/openapi.go:47.2,47.18 1 6
github.com/floriscornel/piak/internal/parser/openapi.go:51.70,54.16 3 0
github.com/floriscornel/piak/internal/parser/openapi.go:54.16,56.3 1 0
github.com/floriscornel/piak/internal/parser/openapi.go:59.2,59.20 1 0
github.com/floriscornel/piak/internal/parser/openapi.go:59.20,61.64 2 0
github.com/floriscornel/piak/internal/parser/openapi.go:61.64,63.4 1 0
github.com/floriscornel/piak/internal/parser/openapi.go:66.2,66.18 1 0
github.com/floriscornel/piak/internal/templates/embedded.go:16.49,20.40 1 6
github.com/floriscornel/piak/internal/templates/embedded.go:20.40,22.19 2 0
github.com/floriscornel/piak/internal/templates/embedded.go:22.19,24.5 1 0
github.com/floriscornel/piak/internal/templates/embedded.go:25.4,25.49 1 0
github.com/floriscornel/piak/internal/templates/embedded.go:31.39,32.15 1 0
github.com/floriscornel/piak/internal/templates/embedded.go:32.15,34.5 1 0
github.com/floriscornel/piak/internal/templates/embedded.go:35.4,35.41 1 0
github.com/floriscornel/piak/internal/templates/embedded.go:43.37,43.53 1 174
github.com/floriscornel/piak/internal/templates/embedded.go:44.37,44.53 1 348
github.com/floriscornel/piak/internal/templates/embedded.go:73.2,77.16 3 6
github.com/floriscornel/piak/internal/templates/embedded.go:77.16,80.3 1 0
github.com/floriscornel/piak/internal/templates/embedded.go:81.2,81.20 1 6
github.com/floriscornel/piak/internal/templates/functions.go:16.51,20.21 2 174
github.com/floriscornel/piak/internal/templates/functions.go:20.21,22.3 1 12
github.com/floriscornel/piak/internal/templates/functions.go:22.8,24.3 1 162
github.com/floriscornel/piak/internal/templates/functions.go:26.2,26.62 1 174
github.com/floriscornel/piak/internal/templates/functions.go:26.62,28.3 1 150
github.com/floriscornel/piak/internal/templates/functions.go:30.2,30.16 1 174
github.com/floriscornel/piak/internal/templates/functions.go:34.54,38.21 2 0
github.com/floriscornel/piak/internal/templates/functions.go:38.21,41.3 1 0
github.com/floriscornel/piak/internal/templates/functions.go:41.8,43.3 1 0
github.com/floriscornel/piak/internal/templates/functions.go:45.2,45.62 1 0
github.com/floriscornel/piak/internal/templates/functions.go:45.62,47.3 1 0
github.com/floriscornel/piak/internal/templates/functions.go:49.2,49.16 1 0
github.com/floriscornel/piak/internal/templates/functions.go:53.53,54.23 1 0
github.com/floriscornel/piak/internal/templates/functions.go:54.23,56.3 1 0
github.com/floriscornel/piak/internal/templates/functions.go:59.2,60.30 2 0
github.com/floriscornel/piak/internal/templates/functions.go:60.30,61.16 1 0
github.com/floriscornel/piak/internal/templates/functions.go:61.16,63.4 1 0
github.com/floriscornel/piak/internal/templates/functions.go:66.2,67.33 2 0
github.com/floriscornel/piak/internal/templates/functions.go:67.33,69.3 1 0
github.com/floriscornel/piak/internal/templates/functions.go:70.2,73.36 3 0
github.com/floriscornel/piak/internal/templates/functions.go:73.36,75.3 1 0
github.com/floriscornel/piak/internal/templates/functions.go:77.2,77.24 1 0
github.com/floriscornel/piak/internal/templates/functions.go:81.59,85.20 3 0
github.com/floriscornel/piak/internal/templates/functions.go:85.20,88.3 2 0
github.com/floriscornel/piak/internal/templates/functions.go:90.2,90.52 1 0
github.com/floriscornel/piak/internal/templates/functions.go:94.51,95.18 1 0
github.com/floriscornel/piak/internal/templates/functions.go:95.18,97.3 1 0
github.com/floriscornel/piak/internal/templates/functions.go:99.2,99.27 1 0
github.com/floriscornel/piak/internal/templates/functions.go:100.14,101.64 1 0
github.com/floriscornel/piak/internal/templates/functions.go:102.12,103.8 1 0
github.com/floriscornel/piak/internal/templates/functions.go:103.8,105.4 1 0
github.com/floriscornel/piak/internal/templates/functions.go:106.3,106.17 1 0
github.com/floriscornel/piak/internal/templates/functions.go:107.43,108.30 1 0
github.com/floriscornel/piak/internal/templates/functions.go:109.10,110.16 1 0
github.com/floriscornel/piak/internal/templates/functions.go:115.62,127.40 9 42
github.com/floriscornel/piak/internal/templates/functions.go:127.40,128.20 1 174
github.com/floriscornel/piak/internal/templates/functions.go:128.20,132.4 3 24
github.com/floriscornel/piak/internal/templates/functions.go:135.2,141.40 4 42
github.com/floriscornel/piak/internal/templates/functions.go:141.40,142.20 1 174
github.com/floriscornel/piak/internal/templates/functions.go:142.20,144.4 1 24
github.com/floriscornel/piak/internal/templates/functions.go:144.9,146.4 1 150
github.com/floriscornel/piak/internal/templates/functions.go:150.2,152.32 2 42
github.com/floriscornel/piak/internal/templates/functions.go:152.32,154.26 2 174
github.com/floriscornel/piak/internal/templates/functions.go:154.26,156.4 1 132
github.com/floriscornel/piak/internal/templates/functions.go:156.9,158.4 1 42
github.com/floriscornel/piak/internal/templates/functions.go:160.2,163.24 3 42
github.com/floriscornel/piak/internal/templates/functions.go:167.45,171.2 2 0
github.com/floriscornel/piak/internal/templates/functions.go:174.48,175.16 1 0
github.com/floriscornel/piak/internal/templates/functions.go:175.16,177.3 1 0
github.com/floriscornel/piak/internal/templates/functions.go:180.2,184.68 3 0
github.com/floriscornel/piak/internal/templates/functions.go:184.68,186.3 1 0
github.com/floriscornel/piak/internal/templates/functions.go:189.2,189.21 1 0
github.com/floriscornel/piak/internal/templates/functions.go:189.21,191.3 1 0
github.com/floriscornel/piak/internal/templates/functions.go:194.2,194.35 1 0
github.com/floriscornel/piak/internal/templates/functions.go:198.53,199.21 1 0
github.com/floriscornel/piak/internal/templates/functions.go:199.21,201.3 1 0
github.com/floriscornel/piak/internal/templates/functions.go:202.2,202.21 1 0
github.com/floriscornel/piak/internal/templates/functions.go:206.60,209.2 1 0
github.com/floriscornel/piak/internal/templates/functions.go:212.45,213.16 1 0
github.com/floriscornel/piak/internal/templates/functions.go:213.16,215.3 1 0
github.com/floriscornel/piak/internal/templates/functions.go:217.2,221.29 4 0
github.com/floriscornel/piak/internal/templates/functions.go:221.29,222.17 1 0
github.com/floriscornel/piak/internal/templates/functions.go:222.17,224.4 1 0
github.com/floriscornel/piak/internal/templates/functions.go:225.3,225.23 1 0
github.com/floriscornel/piak/internal/templates/functions.go:225.23,227.4 1 0
github.com/floriscornel/piak/internal/templates/functions.go:230.2,230.24 1 0
github.com/floriscornel/piak/internal/templates/functions.go:234.60,245.40 9 42
github.com/floriscornel/piak/internal/templates/functions.go:245.40,247.3 1 174
github.com/floriscornel/piak/internal/templates/functions.go:249.2,252.24 3 42
